17/03/2012 14:32:22 (Std) 	+-+-+-+-+-+-+-+-+-+-+-+-+-+-+-+-+-+-+-+-+-+-+-+-+-+-+-+-+-+-+-+-+-+-+-+-+-+-+-+
17/03/2012 14:32:22 (Std) 	+                     Crazy Eddie's GUI System - Event log                    +
17/03/2012 14:32:22 (Std) 	+                          (http://www.cegui.org.uk/)                         +
17/03/2012 14:32:22 (Std) 	+-+-+-+-+-+-+-+-+-+-+-+-+-+-+-+-+-+-+-+-+-+-+-+-+-+-+-+-+-+-+-+-+-+-+-+-+-+-+-+

17/03/2012 14:32:22 (Std) 	CEGUI::Logger singleton created. (0x2018a30)
17/03/2012 14:32:22 (Std) 	
17/03/2012 14:32:22 (Std) 	********************************************************************************
17/03/2012 14:32:22 (Std) 	* Important:                                                                   *
17/03/2012 14:32:22 (Std) 	*     To get support at the CEGUI forums, you must post _at least_ the section *
17/03/2012 14:32:22 (Std) 	*     of this log file indicated below.  Failure to do this will result in no  *
17/03/2012 14:32:22 (Std) 	*     support being given; please do not waste our time.                       *
17/03/2012 14:32:22 (Std) 	********************************************************************************
17/03/2012 14:32:22 (Std) 	********************************************************************************
17/03/2012 14:32:22 (Std) 	* -------- START OF ESSENTIAL SECTION TO BE POSTED ON THE FORUM       -------- *
17/03/2012 14:32:22 (Std) 	********************************************************************************
17/03/2012 14:32:22 (Std) 	---- Version 0.7.5 (Build: Dec  6 2011 GNU/Linux g++ 4.6.1 64 bit) ----
17/03/2012 14:32:22 (Std) 	---- Renderer module is: CEGUI::OgreRenderer - Official OGRE based 2nd generation renderer module. ----
17/03/2012 14:32:22 (Std) 	---- XML Parser module is: CEGUI::XercesParser - Official Xerces-C++ based parser module for CEGUI ----
17/03/2012 14:32:22 (Std) 	---- Image Codec module is: OgreImageCodec - Integrated ImageCodec using the Ogre engine. ----
17/03/2012 14:32:22 (Std) 	---- Scripting module is: None ----
17/03/2012 14:32:22 (Std) 	********************************************************************************
17/03/2012 14:32:22 (Std) 	* -------- END OF ESSENTIAL SECTION TO BE POSTED ON THE FORUM         -------- *
17/03/2012 14:32:22 (Std) 	********************************************************************************
17/03/2012 14:32:22 (Std) 	
17/03/2012 14:32:22 (Std) 	---- Begining CEGUI System initialisation ----
17/03/2012 14:32:22 (Std) 	CEGUI::ImagesetManager singleton created (0x2019820)
17/03/2012 14:32:22 (Std) 	CEGUI::FontManager singleton created. (0x201a690)
17/03/2012 14:32:22 (Std) 	CEGUI::WindowFactoryManager singleton created
17/03/2012 14:32:22 (Std) 	CEGUI::WindowManager singleton created (0x201a7c0)
17/03/2012 14:32:22 (Std) 	CEGUI::SchemeManager singleton created. (0x201a860)
17/03/2012 14:32:22 (Std) 	CEGUI::MouseCursor singleton created. (0x201e300)
17/03/2012 14:32:22 (Std) 	CEGUI::GlobalEventSet singleton created. (0x2019950)
17/03/2012 14:32:22 (Std) 	CEGUI::AnimationManager singleton created (0x201e4e0)
17/03/2012 14:32:22 (Std) 	CEGUI::WidgetLookManager singleton created. (0x2019ad0)
17/03/2012 14:32:22 (Std) 	CEGUI::WindowRendererManager singleton created (0x201bc00)
17/03/2012 14:32:22 (Std) 	CEGUI::RenderEffectManager singleton created (0x20199c0)
17/03/2012 14:32:22 (Std) 	Created WindowFactory for 'DefaultWindow' windows.
17/03/2012 14:32:22 (Std) 	WindowFactory for 'DefaultWindow' windows added. (0x200d890)
17/03/2012 14:32:22 (Std) 	Created WindowFactory for 'DragContainer' windows.
17/03/2012 14:32:22 (Std) 	WindowFactory for 'DragContainer' windows added. (0x200db50)
17/03/2012 14:32:22 (Std) 	Created WindowFactory for 'ScrolledContainer' windows.
17/03/2012 14:32:22 (Std) 	WindowFactory for 'ScrolledContainer' windows added. (0x200dcf0)
17/03/2012 14:32:22 (Std) 	Created WindowFactory for 'ClippedContainer' windows.
17/03/2012 14:32:22 (Std) 	WindowFactory for 'ClippedContainer' windows added. (0x200de90)
17/03/2012 14:32:22 (Std) 	Created WindowFactory for 'CEGUI/Checkbox' windows.
17/03/2012 14:32:22 (Std) 	WindowFactory for 'CEGUI/Checkbox' windows added. (0x200e030)
17/03/2012 14:32:22 (Std) 	Created WindowFactory for 'CEGUI/PushButton' windows.
17/03/2012 14:32:22 (Std) 	WindowFactory for 'CEGUI/PushButton' windows added. (0x200e1d0)
17/03/2012 14:32:22 (Std) 	Created WindowFactory for 'CEGUI/RadioButton' windows.
17/03/2012 14:32:22 (Std) 	WindowFactory for 'CEGUI/RadioButton' windows added. (0x200e370)
17/03/2012 14:32:22 (Std) 	Created WindowFactory for 'CEGUI/Combobox' windows.
17/03/2012 14:32:22 (Std) 	WindowFactory for 'CEGUI/Combobox' windows added. (0x200e510)
17/03/2012 14:32:22 (Std) 	Created WindowFactory for 'CEGUI/ComboDropList' windows.
17/03/2012 14:32:22 (Std) 	WindowFactory for 'CEGUI/ComboDropList' windows added. (0x200e6b0)
17/03/2012 14:32:22 (Std) 	Created WindowFactory for 'CEGUI/Editbox' windows.
17/03/2012 14:32:22 (Std) 	WindowFactory for 'CEGUI/Editbox' windows added. (0x200e8e0)
17/03/2012 14:32:22 (Std) 	Created WindowFactory for 'CEGUI/FrameWindow' windows.
17/03/2012 14:32:22 (Std) 	WindowFactory for 'CEGUI/FrameWindow' windows added. (0x200ea80)
17/03/2012 14:32:22 (Std) 	Created WindowFactory for 'CEGUI/ItemEntry' windows.
17/03/2012 14:32:22 (Std) 	WindowFactory for 'CEGUI/ItemEntry' windows added. (0x200ec20)
17/03/2012 14:32:22 (Std) 	Created WindowFactory for 'CEGUI/Listbox' windows.
17/03/2012 14:32:22 (Std) 	WindowFactory for 'CEGUI/Listbox' windows added. (0x200edc0)
17/03/2012 14:32:22 (Std) 	Created WindowFactory for 'CEGUI/ListHeader' windows.
17/03/2012 14:32:22 (Std) 	WindowFactory for 'CEGUI/ListHeader' windows added. (0x200ef60)
17/03/2012 14:32:22 (Std) 	Created WindowFactory for 'CEGUI/ListHeaderSegment' windows.
17/03/2012 14:32:22 (Std) 	WindowFactory for 'CEGUI/ListHeaderSegment' windows added. (0x200f100)
17/03/2012 14:32:22 (Std) 	Created WindowFactory for 'CEGUI/Menubar' windows.
17/03/2012 14:32:22 (Std) 	WindowFactory for 'CEGUI/Menubar' windows added. (0x200f2a0)
17/03/2012 14:32:22 (Std) 	Created WindowFactory for 'CEGUI/PopupMenu' windows.
17/03/2012 14:32:22 (Std) 	WindowFactory for 'CEGUI/PopupMenu' windows added. (0x200f440)
17/03/2012 14:32:22 (Std) 	Created WindowFactory for 'CEGUI/MenuItem' windows.
17/03/2012 14:32:22 (Std) 	WindowFactory for 'CEGUI/MenuItem' windows added. (0x200f6f0)
17/03/2012 14:32:22 (Std) 	Created WindowFactory for 'CEGUI/MultiColumnList' windows.
17/03/2012 14:32:22 (Std) 	WindowFactory for 'CEGUI/MultiColumnList' windows added. (0x200f890)
17/03/2012 14:32:22 (Std) 	Created WindowFactory for 'CEGUI/MultiLineEditbox' windows.
17/03/2012 14:32:22 (Std) 	WindowFactory for 'CEGUI/MultiLineEditbox' windows added. (0x200fa30)
17/03/2012 14:32:22 (Std) 	Created WindowFactory for 'CEGUI/ProgressBar' windows.
17/03/2012 14:32:22 (Std) 	WindowFactory for 'CEGUI/ProgressBar' windows added. (0x200fbd0)
17/03/2012 14:32:22 (Std) 	Created WindowFactory for 'CEGUI/ScrollablePane' windows.
17/03/2012 14:32:22 (Std) 	WindowFactory for 'CEGUI/ScrollablePane' windows added. (0x200fd70)
17/03/2012 14:32:22 (Std) 	Created WindowFactory for 'CEGUI/Scrollbar' windows.
17/03/2012 14:32:22 (Std) 	WindowFactory for 'CEGUI/Scrollbar' windows added. (0x200ff10)
17/03/2012 14:32:22 (Std) 	Created WindowFactory for 'CEGUI/Slider' windows.
17/03/2012 14:32:22 (Std) 	WindowFactory for 'CEGUI/Slider' windows added. (0x20100b0)
17/03/2012 14:32:22 (Std) 	Created WindowFactory for 'CEGUI/Spinner' windows.
17/03/2012 14:32:22 (Std) 	WindowFactory for 'CEGUI/Spinner' windows added. (0x2010250)
17/03/2012 14:32:22 (Std) 	Created WindowFactory for 'CEGUI/TabButton' windows.
17/03/2012 14:32:22 (Std) 	WindowFactory for 'CEGUI/TabButton' windows added. (0x20103f0)
17/03/2012 14:32:22 (Std) 	Created WindowFactory for 'CEGUI/TabControl' windows.
17/03/2012 14:32:22 (Std) 	WindowFactory for 'CEGUI/TabControl' windows added. (0x2010590)
17/03/2012 14:32:22 (Std) 	Created WindowFactory for 'CEGUI/Thumb' windows.
17/03/2012 14:32:22 (Std) 	WindowFactory for 'CEGUI/Thumb' windows added. (0x2010730)
17/03/2012 14:32:22 (Std) 	Created WindowFactory for 'CEGUI/Titlebar' windows.
17/03/2012 14:32:22 (Std) 	WindowFactory for 'CEGUI/Titlebar' windows added. (0x20108d0)
17/03/2012 14:32:22 (Std) 	Created WindowFactory for 'CEGUI/Tooltip' windows.
17/03/2012 14:32:22 (Std) 	WindowFactory for 'CEGUI/Tooltip' windows added. (0x2010a70)
17/03/2012 14:32:22 (Std) 	Created WindowFactory for 'CEGUI/ItemListbox' windows.
17/03/2012 14:32:22 (Std) 	WindowFactory for 'CEGUI/ItemListbox' windows added. (0x2010c10)
17/03/2012 14:32:22 (Std) 	Created WindowFactory for 'CEGUI/GroupBox' windows.
17/03/2012 14:32:22 (Std) 	WindowFactory for 'CEGUI/GroupBox' windows added. (0x2010db0)
17/03/2012 14:32:22 (Std) 	Created WindowFactory for 'CEGUI/Tree' windows.
17/03/2012 14:32:22 (Std) 	WindowFactory for 'CEGUI/Tree' windows added. (0x2010f50)
17/03/2012 14:32:22 (Std) 	Created WindowFactory for 'HorizontalLayoutContainer' windows.
17/03/2012 14:32:22 (Std) 	WindowFactory for 'HorizontalLayoutContainer' windows added. (0x200f5e0)
17/03/2012 14:32:22 (Std) 	Created WindowFactory for 'VerticalLayoutContainer' windows.
17/03/2012 14:32:22 (Std) 	WindowFactory for 'VerticalLayoutContainer' windows added. (0x20113e0)
17/03/2012 14:32:22 (Std) 	Created WindowFactory for 'GridLayoutContainer' windows.
17/03/2012 14:32:22 (Std) 	WindowFactory for 'GridLayoutContainer' windows added. (0x2011580)
17/03/2012 14:32:22 (Std) 	Window type alias named 'DefaultGUISheet' added for window type 'DefaultWindow'.
17/03/2012 14:32:22 (Std) 	CEGUI::System singleton created. (0x2018620)
17/03/2012 14:32:22 (Std) 	---- CEGUI System initialisation completed ----
17/03/2012 14:32:22 (Std) 	
17/03/2012 14:32:22 (Std) 	XercesParser::initialiseSchema - Attempting to load schema from file 'GUIScheme.xsd'.
17/03/2012 14:32:22 (Std) 	XercesParser::initialiseSchema - XML schema file 'GUIScheme.xsd' has been initialised.
17/03/2012 14:32:22 (Std) 	Started creation of Scheme from XML specification:
17/03/2012 14:32:22 (Std) 	---- CEGUI GUIScheme name: TaharezLook
17/03/2012 14:32:22 (Std) 	XercesParser::initialiseSchema - Attempting to load schema from file 'Imageset.xsd'.
17/03/2012 14:32:22 (Std) 	XercesParser::initialiseSchema - XML schema file 'Imageset.xsd' has been initialised.
17/03/2012 14:32:22 (Std) 	Started creation of Imageset from XML specification:
17/03/2012 14:32:22 (Std) 	---- CEGUI Imageset name: TaharezLook
17/03/2012 14:32:22 (Std) 	---- Source texture file: TaharezLook.tga in resource group: (Default)
17/03/2012 14:32:22 (Std) 	XercesParser::initialiseSchema - Attempting to load schema from file 'Font.xsd'.
17/03/2012 14:32:22 (Std) 	XercesParser::initialiseSchema - XML schema file 'Font.xsd' has been initialised.
17/03/2012 14:32:22 (Std) 	Started creation of Font from XML specification:
17/03/2012 14:32:22 (Std) 	---- CEGUI font name: DejaVuSans-10
17/03/2012 14:32:22 (Std) 	----       Font type: FreeType
17/03/2012 14:32:22 (Std) 	----     Source file: DejaVuSans.ttf in resource group: (Default)
17/03/2012 14:32:22 (Std) 	---- Real point size: 10
17/03/2012 14:32:22 (Std) 	XercesParser::initialiseSchema - Attempting to load schema from file 'Falagard.xsd'.
17/03/2012 14:32:22 (Std) 	XercesParser::initialiseSchema - XML schema file 'Falagard.xsd' has been initialised.
17/03/2012 14:32:22 (Std) 	===== Falagard 'root' element: look and feel parsing begins =====
17/03/2012 14:32:22 (Std) 	===== Look and feel parsing completed =====
17/03/2012 14:32:22 (Std) 	No window renderer factories specified for module 'CEGUIFalagardWRBase' - adding all available factories...
17/03/2012 14:32:22 (Std) 	Created WindowRendererFactory for 'Falagard/Button' WindowRenderers.
17/03/2012 14:32:22 (Std) 	WindowRendererFactory 'Falagard/Button' added. (0x2066af0)
17/03/2012 14:32:22 (Std) 	Created WindowRendererFactory for 'Falagard/Default' WindowRenderers.
17/03/2012 14:32:22 (Std) 	WindowRendererFactory 'Falagard/Default' added. (0x2018420)
17/03/2012 14:32:22 (Std) 	Created WindowRendererFactory for 'Falagard/Editbox' WindowRenderers.
17/03/2012 14:32:22 (Std) 	WindowRendererFactory 'Falagard/Editbox' added. (0x21252f0)
17/03/2012 14:32:22 (Std) 	Created WindowRendererFactory for 'Falagard/FrameWindow' WindowRenderers.
17/03/2012 14:32:22 (Std) 	WindowRendererFactory 'Falagard/FrameWindow' added. (0x2066990)
17/03/2012 14:32:22 (Std) 	Created WindowRendererFactory for 'Falagard/ItemEntry' WindowRenderers.
17/03/2012 14:32:22 (Std) 	WindowRendererFactory 'Falagard/ItemEntry' added. (0x209dc60)
17/03/2012 14:32:22 (Std) 	Created WindowRendererFactory for 'Falagard/ListHeader' WindowRenderers.
17/03/2012 14:32:22 (Std) 	WindowRendererFactory 'Falagard/ListHeader' added. (0x2063c60)
17/03/2012 14:32:22 (Std) 	Created WindowRendererFactory for 'Falagard/ListHeaderSegment' WindowRenderers.
17/03/2012 14:32:22 (Std) 	WindowRendererFactory 'Falagard/ListHeaderSegment' added. (0x21268f0)
17/03/2012 14:32:22 (Std) 	Created WindowRendererFactory for 'Falagard/Listbox' WindowRenderers.
17/03/2012 14:32:22 (Std) 	WindowRendererFactory 'Falagard/Listbox' added. (0x20a1a70)
17/03/2012 14:32:22 (Std) 	Created WindowRendererFactory for 'Falagard/Menubar' WindowRenderers.
17/03/2012 14:32:22 (Std) 	WindowRendererFactory 'Falagard/Menubar' added. (0x2123750)
17/03/2012 14:32:22 (Std) 	Created WindowRendererFactory for 'Falagard/MenuItem' WindowRenderers.
17/03/2012 14:32:22 (Std) 	WindowRendererFactory 'Falagard/MenuItem' added. (0x20258e0)
17/03/2012 14:32:22 (Std) 	Created WindowRendererFactory for 'Falagard/MultiColumnList' WindowRenderers.
17/03/2012 14:32:22 (Std) 	WindowRendererFactory 'Falagard/MultiColumnList' added. (0x21223b0)
17/03/2012 14:32:22 (Std) 	Created WindowRendererFactory for 'Falagard/MultiLineEditbox' WindowRenderers.
17/03/2012 14:32:22 (Std) 	WindowRendererFactory 'Falagard/MultiLineEditbox' added. (0x20da060)
17/03/2012 14:32:22 (Std) 	Created WindowRendererFactory for 'Falagard/PopupMenu' WindowRenderers.
17/03/2012 14:32:22 (Std) 	WindowRendererFactory 'Falagard/PopupMenu' added. (0x20161b0)
17/03/2012 14:32:22 (Std) 	Created WindowRendererFactory for 'Falagard/ProgressBar' WindowRenderers.
17/03/2012 14:32:22 (Std) 	WindowRendererFactory 'Falagard/ProgressBar' added. (0x2014ef0)
17/03/2012 14:32:22 (Std) 	Created WindowRendererFactory for 'Falagard/ScrollablePane' WindowRenderers.
17/03/2012 14:32:22 (Std) 	WindowRendererFactory 'Falagard/ScrollablePane' added. (0x2020990)
17/03/2012 14:32:22 (Std) 	Created WindowRendererFactory for 'Falagard/Scrollbar' WindowRenderers.
17/03/2012 14:32:22 (Std) 	WindowRendererFactory 'Falagard/Scrollbar' added. (0x205c7a0)
17/03/2012 14:32:22 (Std) 	Created WindowRendererFactory for 'Falagard/Slider' WindowRenderers.
17/03/2012 14:32:22 (Std) 	WindowRendererFactory 'Falagard/Slider' added. (0x205c860)
17/03/2012 14:32:22 (Std) 	Created WindowRendererFactory for 'Falagard/Static' WindowRenderers.
17/03/2012 14:32:22 (Std) 	WindowRendererFactory 'Falagard/Static' added. (0x22bf820)
17/03/2012 14:32:22 (Std) 	Created WindowRendererFactory for 'Falagard/StaticImage' WindowRenderers.
17/03/2012 14:32:22 (Std) 	WindowRendererFactory 'Falagard/StaticImage' added. (0x2060d30)
17/03/2012 14:32:22 (Std) 	Created WindowRendererFactory for 'Falagard/StaticText' WindowRenderers.
17/03/2012 14:32:22 (Std) 	WindowRendererFactory 'Falagard/StaticText' added. (0x2063820)
17/03/2012 14:32:22 (Std) 	Created WindowRendererFactory for 'Falagard/SystemButton' WindowRenderers.
17/03/2012 14:32:22 (Std) 	WindowRendererFactory 'Falagard/SystemButton' added. (0x20639c0)
17/03/2012 14:32:22 (Std) 	Created WindowRendererFactory for 'Falagard/TabButton' WindowRenderers.
17/03/2012 14:32:22 (Std) 	WindowRendererFactory 'Falagard/TabButton' added. (0x22bc050)
17/03/2012 14:32:22 (Std) 	Created WindowRendererFactory for 'Falagard/TabControl' WindowRenderers.
17/03/2012 14:32:22 (Std) 	WindowRendererFactory 'Falagard/TabControl' added. (0x205d2e0)
17/03/2012 14:32:22 (Std) 	Created WindowRendererFactory for 'Falagard/Titlebar' WindowRenderers.
17/03/2012 14:32:22 (Std) 	WindowRendererFactory 'Falagard/Titlebar' added. (0x205d480)
17/03/2012 14:32:22 (Std) 	Created WindowRendererFactory for 'Falagard/ToggleButton' WindowRenderers.
17/03/2012 14:32:22 (Std) 	WindowRendererFactory 'Falagard/ToggleButton' added. (0x22d4b00)
17/03/2012 14:32:22 (Std) 	Created WindowRendererFactory for 'Falagard/Tooltip' WindowRenderers.
17/03/2012 14:32:22 (Std) 	WindowRendererFactory 'Falagard/Tooltip' added. (0x2016310)
17/03/2012 14:32:22 (Std) 	Created WindowRendererFactory for 'Falagard/ItemListbox' WindowRenderers.
17/03/2012 14:32:22 (Std) 	WindowRendererFactory 'Falagard/ItemListbox' added. (0x20164b0)
17/03/2012 14:32:22 (Std) 	Created WindowRendererFactory for 'Falagard/Tree' WindowRenderers.
17/03/2012 14:32:22 (Std) 	WindowRendererFactory 'Falagard/Tree' added. (0x2016570)
17/03/2012 14:32:22 (Std) 	Creating falagard mapping for type 'TaharezLook/Button' using base type 'CEGUI/PushButton', window renderer 'Falagard/Button' Look'N'Feel 'TaharezLook/Button' and RenderEffect ''. (0x7fffe1834c20)
17/03/2012 14:32:22 (Std) 	Creating falagard mapping for type 'TaharezLook/Checkbox' using base type 'CEGUI/Checkbox', window renderer 'Falagard/ToggleButton' Look'N'Feel 'TaharezLook/Checkbox' and RenderEffect ''. (0x7fffe1834c20)
17/03/2012 14:32:22 (Std) 	Creating falagard mapping for type 'TaharezLook/ImageButton' using base type 'CEGUI/PushButton', window renderer 'Falagard/Button' Look'N'Feel 'TaharezLook/ImageButton' and RenderEffect ''. (0x7fffe1834c20)
17/03/2012 14:32:22 (Std) 	Creating falagard mapping for type 'TaharezLook/RadioButton' using base type 'CEGUI/RadioButton', window renderer 'Falagard/ToggleButton' Look'N'Feel 'TaharezLook/RadioButton' and RenderEffect ''. (0x7fffe1834c20)
17/03/2012 14:32:22 (Std) 	Creating falagard mapping for type 'TaharezLook/FrameWindow' using base type 'CEGUI/FrameWindow', window renderer 'Falagard/FrameWindow' Look'N'Feel 'TaharezLook/FrameWindow' and RenderEffect ''. (0x7fffe1834c20)
17/03/2012 14:32:22 (Std) 	Creating falagard mapping for type 'TaharezLook/Titlebar' using base type 'CEGUI/Titlebar', window renderer 'Falagard/Titlebar' Look'N'Feel 'TaharezLook/Titlebar' and RenderEffect ''. (0x7fffe1834c20)
17/03/2012 14:32:22 (Std) 	Creating falagard mapping for type 'TaharezLook/SystemButton' using base type 'CEGUI/PushButton', window renderer 'Falagard/Button' Look'N'Feel 'TaharezLook/Button' and RenderEffect ''. (0x7fffe1834c20)
17/03/2012 14:32:22 (Std) 	Creating falagard mapping for type 'TaharezLook/Editbox' using base type 'CEGUI/Editbox', window renderer 'Falagard/Editbox' Look'N'Feel 'TaharezLook/Editbox' and RenderEffect ''. (0x7fffe1834c20)
17/03/2012 14:32:22 (Std) 	Creating falagard mapping for type 'TaharezLook/MultiLineEditbox' using base type 'CEGUI/MultiLineEditbox', window renderer 'Falagard/MultiLineEditbox' Look'N'Feel 'TaharezLook/MultiLineEditbox' and RenderEffect ''. (0x7fffe1834c20)
17/03/2012 14:32:22 (Std) 	Creating falagard mapping for type 'TaharezLook/Menubar' using base type 'CEGUI/Menubar', window renderer 'Falagard/Menubar' Look'N'Feel 'TaharezLook/Menubar' and RenderEffect ''. (0x7fffe1834c20)
17/03/2012 14:32:22 (Std) 	Creating falagard mapping for type 'TaharezLook/PopupMenu' using base type 'CEGUI/PopupMenu', window renderer 'Falagard/PopupMenu' Look'N'Feel 'TaharezLook/PopupMenu' and RenderEffect ''. (0x7fffe1834c20)
17/03/2012 14:32:22 (Std) 	Creating falagard mapping for type 'TaharezLook/MenuItem' using base type 'CEGUI/MenuItem', window renderer 'Falagard/MenuItem' Look'N'Feel 'TaharezLook/MenuItem' and RenderEffect ''. (0x7fffe1834c20)
17/03/2012 14:32:22 (Std) 	Creating falagard mapping for type 'TaharezLook/AlternateProgressBar' using base type 'CEGUI/ProgressBar', window renderer 'Falagard/ProgressBar' Look'N'Feel 'TaharezLook/AltProgressBar' and RenderEffect ''. (0x7fffe1834c20)
17/03/2012 14:32:22 (Std) 	Creating falagard mapping for type 'TaharezLook/ProgressBar' using base type 'CEGUI/ProgressBar', window renderer 'Falagard/ProgressBar' Look'N'Feel 'TaharezLook/ProgressBar' and RenderEffect ''. (0x7fffe1834c20)
17/03/2012 14:32:22 (Std) 	Creating falagard mapping for type 'TaharezLook/VUMeter' using base type 'CEGUI/ProgressBar', window renderer 'Falagard/ProgressBar' Look'N'Feel 'TaharezLook/VUMeter' and RenderEffect ''. (0x7fffe1834c20)
17/03/2012 14:32:22 (Std) 	Creating falagard mapping for type 'TaharezLook/VerticalScrollbar' using base type 'CEGUI/Scrollbar', window renderer 'Falagard/Scrollbar' Look'N'Feel 'TaharezLook/VerticalScrollbar' and RenderEffect ''. (0x7fffe1834c20)
17/03/2012 14:32:22 (Std) 	Creating falagard mapping for type 'TaharezLook/HorizontalScrollbar' using base type 'CEGUI/Scrollbar', window renderer 'Falagard/Scrollbar' Look'N'Feel 'TaharezLook/HorizontalScrollbar' and RenderEffect ''. (0x7fffe1834c20)
17/03/2012 14:32:22 (Std) 	Creating falagard mapping for type 'TaharezLook/VerticalScrollbarThumb' using base type 'CEGUI/Thumb', window renderer 'Falagard/Button' Look'N'Feel 'TaharezLook/VerticalScrollbarThumb' and RenderEffect ''. (0x7fffe1834c20)
17/03/2012 14:32:22 (Std) 	Creating falagard mapping for type 'TaharezLook/HorizontalScrollbarThumb' using base type 'CEGUI/Thumb', window renderer 'Falagard/Button' Look'N'Feel 'TaharezLook/HorizontalScrollbarThumb' and RenderEffect ''. (0x7fffe1834c20)
17/03/2012 14:32:22 (Std) 	Creating falagard mapping for type 'TaharezLook/LargeVerticalScrollbar' using base type 'CEGUI/Scrollbar', window renderer 'Falagard/Scrollbar' Look'N'Feel 'TaharezLook/LargeVerticalScrollbar' and RenderEffect ''. (0x7fffe1834c20)
17/03/2012 14:32:22 (Std) 	Creating falagard mapping for type 'TaharezLook/LargeVerticalScrollbarThumb' using base type 'CEGUI/Thumb', window renderer 'Falagard/Button' Look'N'Feel 'TaharezLook/LargeVerticalScrollbarThumb' and RenderEffect ''. (0x7fffe1834c20)
17/03/2012 14:32:22 (Std) 	Creating falagard mapping for type 'TaharezLook/TabButton' using base type 'CEGUI/TabButton', window renderer 'Falagard/TabButton' Look'N'Feel 'TaharezLook/TabButton' and RenderEffect ''. (0x7fffe1834c20)
17/03/2012 14:32:22 (Std) 	Creating falagard mapping for type 'TaharezLook/TabControl' using base type 'CEGUI/TabControl', window renderer 'Falagard/TabControl' Look'N'Feel 'TaharezLook/TabControl' and RenderEffect ''. (0x7fffe1834c20)
17/03/2012 14:32:22 (Std) 	Creating falagard mapping for type 'TaharezLook/TabContentPane' using base type 'DefaultWindow', window renderer 'Falagard/Default' Look'N'Feel 'TaharezLook/TabContentPane' and RenderEffect ''. (0x7fffe1834c20)
17/03/2012 14:32:22 (Std) 	Creating falagard mapping for type 'TaharezLook/TabButtonPane' using base type 'DefaultWindow', window renderer 'Falagard/Default' Look'N'Feel 'TaharezLook/TabButtonPane' and RenderEffect ''. (0x7fffe1834c20)
17/03/2012 14:32:22 (Std) 	Creating falagard mapping for type 'TaharezLook/ComboDropList' using base type 'CEGUI/ComboDropList', window renderer 'Falagard/Listbox' Look'N'Feel 'TaharezLook/ComboDropList' and RenderEffect ''. (0x7fffe1834c20)
17/03/2012 14:32:22 (Std) 	Creating falagard mapping for type 'TaharezLook/ComboEditbox' using base type 'CEGUI/Editbox', window renderer 'Falagard/Editbox' Look'N'Feel 'TaharezLook/ComboEditbox' and RenderEffect ''. (0x7fffe1834c20)
17/03/2012 14:32:22 (Std) 	Creating falagard mapping for type 'TaharezLook/Combobox' using base type 'CEGUI/Combobox', window renderer 'Falagard/Default' Look'N'Feel 'TaharezLook/Combobox' and RenderEffect ''. (0x7fffe1834c20)
17/03/2012 14:32:22 (Std) 	Creating falagard mapping for type 'TaharezLook/Listbox' using base type 'CEGUI/Listbox', window renderer 'Falagard/Listbox' Look'N'Feel 'TaharezLook/Listbox' and RenderEffect ''. (0x7fffe1834c20)
17/03/2012 14:32:22 (Std) 	Creating falagard mapping for type 'TaharezLook/ListHeader' using base type 'CEGUI/ListHeader', window renderer 'Falagard/ListHeader' Look'N'Feel 'TaharezLook/ListHeader' and RenderEffect ''. (0x7fffe1834c20)
17/03/2012 14:32:22 (Std) 	Creating falagard mapping for type 'TaharezLook/ListHeaderSegment' using base type 'CEGUI/ListHeaderSegment', window renderer 'Falagard/ListHeaderSegment' Look'N'Feel 'TaharezLook/ListHeaderSegment' and RenderEffect ''. (0x7fffe1834c20)
17/03/2012 14:32:22 (Std) 	Creating falagard mapping for type 'TaharezLook/MultiColumnList' using base type 'CEGUI/MultiColumnList', window renderer 'Falagard/MultiColumnList' Look'N'Feel 'TaharezLook/MultiColumnList' and RenderEffect ''. (0x7fffe1834c20)
17/03/2012 14:32:22 (Std) 	Creating falagard mapping for type 'TaharezLook/Slider' using base type 'CEGUI/Slider', window renderer 'Falagard/Slider' Look'N'Feel 'TaharezLook/Slider' and RenderEffect ''. (0x7fffe1834c20)
17/03/2012 14:32:22 (Std) 	Creating falagard mapping for type 'TaharezLook/SliderThumb' using base type 'CEGUI/Thumb', window renderer 'Falagard/Button' Look'N'Feel 'TaharezLook/SliderThumb' and RenderEffect ''. (0x7fffe1834c20)
17/03/2012 14:32:22 (Std) 	Creating falagard mapping for type 'TaharezLook/ScrollablePane' using base type 'CEGUI/ScrollablePane', window renderer 'Falagard/ScrollablePane' Look'N'Feel 'TaharezLook/ScrollablePane' and RenderEffect ''. (0x7fffe1834c20)
17/03/2012 14:32:22 (Std) 	Creating falagard mapping for type 'TaharezLook/Spinner' using base type 'CEGUI/Spinner', window renderer 'Falagard/Default' Look'N'Feel 'TaharezLook/Spinner' and RenderEffect ''. (0x7fffe1834c20)
17/03/2012 14:32:22 (Std) 	Creating falagard mapping for type 'TaharezLook/Tooltip' using base type 'CEGUI/Tooltip', window renderer 'Falagard/Tooltip' Look'N'Feel 'TaharezLook/Tooltip' and RenderEffect ''. (0x7fffe1834c20)
17/03/2012 14:32:22 (Std) 	Creating falagard mapping for type 'TaharezLook/StaticImage' using base type 'DefaultWindow', window renderer 'Falagard/StaticImage' Look'N'Feel 'TaharezLook/StaticImage' and RenderEffect ''. (0x7fffe1834c20)
17/03/2012 14:32:22 (Std) 	Creating falagard mapping for type 'TaharezLook/StaticText' using base type 'DefaultWindow', window renderer 'Falagard/StaticText' Look'N'Feel 'TaharezLook/StaticText' and RenderEffect ''. (0x7fffe1834c20)
17/03/2012 14:32:22 (Std) 	Creating falagard mapping for type 'TaharezLook/ItemListbox' using base type 'CEGUI/ItemListbox', window renderer 'Falagard/ItemListbox' Look'N'Feel 'TaharezLook/ItemListbox' and RenderEffect ''. (0x7fffe1834c20)
17/03/2012 14:32:22 (Std) 	Creating falagard mapping for type 'TaharezLook/ListboxItem' using base type 'CEGUI/ItemEntry', window renderer 'Falagard/ItemEntry' Look'N'Feel 'TaharezLook/ListboxItem' and RenderEffect ''. (0x7fffe1834c20)
17/03/2012 14:32:22 (Std) 	Creating falagard mapping for type 'TaharezLook/GroupBox' using base type 'CEGUI/GroupBox', window renderer 'Falagard/Default' Look'N'Feel 'TaharezLook/GroupBox' and RenderEffect ''. (0x7fffe1834c20)
17/03/2012 14:32:22 (Std) 	Creating falagard mapping for type 'TaharezLook/Tree' using base type 'CEGUI/Tree', window renderer 'Falagard/Tree' Look'N'Feel 'TaharezLook/Tree' and RenderEffect ''. (0x7fffe1834c20)
